<?xml version="1.0" encoding="UTF-8"?>
<!-- Generated by org.testng.reporters.JUnitXMLReporter -->
<testsuite ignored="0" hostname="BDC11-L-445YPP3" failures="0" tests="1" name="Default test" time="0.401" errors="0" timestamp="2023-12-15T00:46:01 IST">
  <testcase classname="Base.BaseClass" name="@BeforeClass LaunchApplication" time="-1.702581361276E9">
    <failure type="org.testng.TestNGException" message="
Parameter &amp;apos;browserName&amp;apos; is required by BeforeClass on method LaunchApplication but has not been marked @Optional or defined
in C:\Users\sailabala.pradhan\AppData\Local\Temp\testng-eclipse-71520880\testng-customsuite.xml">
      <![CDATA[org.testng.TestNGException: 
Parameter 'browserName' is required by BeforeClass on method LaunchApplication but has not been marked @Optional or defined
in C:\Users\sailabala.pradhan\AppData\Local\Temp\testng-eclipse-71520880\testng-customsuite.xml
at org.testng.internal.Parameters.createParams(Parameters.java:270)
at org.testng.internal.Parameters.createParametersForMethod(Parameters.java:358)
at org.testng.internal.Parameters.createParameters(Parameters.java:700)
at org.testng.internal.Parameters.createConfigurationParameters(Parameters.java:168)
at org.testng.internal.ConfigInvoker.invokeConfigurations(ConfigInvoker.java:302)
at org.testng.internal.TestMethodWorker.invokeBeforeClassMethods(TestMethodWorker.java:176)
at org.testng.internal.TestMethodWorker.run(TestMethodWorker.java:122)
at java.base/java.util.ArrayList.forEach(ArrayList.java:1511)
at org.testng.TestRunner.privateRun(TestRunner.java:794)
at org.testng.TestRunner.run(TestRunner.java:596)
at org.testng.SuiteRunner.runTest(SuiteRunner.java:377)
at org.testng.SuiteRunner.runSequentially(SuiteRunner.java:371)
at org.testng.SuiteRunner.privateRun(SuiteRunner.java:332)
at org.testng.SuiteRunner.run(SuiteRunner.java:276)
at org.testng.SuiteRunnerWorker.runSuite(SuiteRunnerWorker.java:53)
at org.testng.SuiteRunnerWorker.run(SuiteRunnerWorker.java:96)
at org.testng.TestNG.runSuitesSequentially(TestNG.java:1212)
at org.testng.TestNG.runSuitesLocally(TestNG.java:1134)
at org.testng.TestNG.runSuites(TestNG.java:1063)
at org.testng.TestNG.run(TestNG.java:1031)
at org.testng.remote.AbstractRemoteTestNG.run(AbstractRemoteTestNG.java:115)
at org.testng.remote.RemoteTestNG.initAndRun(RemoteTestNG.java:251)
at org.testng.remote.RemoteTestNG.main(RemoteTestNG.java:77)
]]>
    </failure>
  </testcase> <!-- @BeforeClass LaunchApplication -->
  <testcase classname="TestCases.TC5_ClickTwitterLink" name="@BeforeMethod setupDriver" time="-1.702581361464E9">
    <skipped/>
  </testcase> <!-- @BeforeMethod setupDriver -->
  <testcase classname="Base.BaseClass" name="@AfterClass CloseApplication" time="-1.70258136152E9">
    <skipped/>
  </testcase> <!-- @AfterClass CloseApplication -->
  <testcase classname="TestCases.TC5_ClickTwitterLink" name="ClickTwitterLink" time="0.0">
    <skipped/>
  </testcase> <!-- ClickTwitterLink -->
</testsuite> <!-- Default test -->
