<?xml version="1.0" encoding="UTF-8"?>
<!-- Generated by org.testng.reporters.JUnitXMLReporter -->
<testsuite ignored="1" hostname="BDC11-L-445YPP3" failures="0" tests="2" name="ChromeTest" time="177.185" errors="0" timestamp="2023-12-08T11:35:06 IST">
  <testcase classname="Base.BaseClass" name="@BeforeClass LaunchApplication" time="100.469">
    <failure type="org.openqa.selenium.SessionNotCreatedException" message="Could not start a new session. Possible causes are invalid address of the remote server or browser start-up failure. 
Host info: host: &amp;apos;BDC11-L-445YPP3&amp;apos;, ip: &amp;apos;192.168.1.2&amp;apos;">
      <![CDATA[org.openqa.selenium.SessionNotCreatedException: Could not start a new session. Possible causes are invalid address of the remote server or browser start-up failure. 
Host info: host: 'BDC11-L-445YPP3', ip: '192.168.1.2'
at org.openqa.selenium.remote.RemoteWebDriver.execute(RemoteWebDriver.java:536)
at org.openqa.selenium.remote.RemoteWebDriver.startSession(RemoteWebDriver.java:232)
at org.openqa.selenium.remote.RemoteWebDriver.<init>(RemoteWebDriver.java:159)
at org.openqa.selenium.chromium.ChromiumDriver.<init>(ChromiumDriver.java:108)
at org.openqa.selenium.chrome.ChromeDriver.<init>(ChromeDriver.java:88)
at org.openqa.selenium.chrome.ChromeDriver.<init>(ChromeDriver.java:83)
at org.openqa.selenium.chrome.ChromeDriver.<init>(ChromeDriver.java:72)
at GenericUtilities.BrowserUtilities.startBrowser(BrowserUtilities.java:45)
at Base.BaseClass.LaunchApplication(BaseClass.java:38)
at java.base/java.util.ArrayList.forEach(ArrayList.java:1511)
at java.base/java.util.concurrent.FutureTask.run(FutureTask.java:264)
at java.base/java.util.concurrent.ThreadPoolExecutor.runWorker(ThreadPoolExecutor.java:1136)
at java.base/java.util.concurrent.ThreadPoolExecutor$Worker.run(ThreadPoolExecutor.java:635)
at java.base/java.lang.Thread.run(Thread.java:833)
Caused by: org.openqa.selenium.WebDriverException: Timed out waiting for driver process to start.
Build info: version: '4.11.0', revision: '040bc5406b'
System info: os.name: 'Windows 11', os.arch: 'amd64', os.version: '10.0', java.version: '17.0.8.1'
Driver info: driver.version: ChromeDriver
at org.openqa.selenium.remote.service.DriverService.start(DriverService.java:203)
at org.openqa.selenium.remote.service.DriverCommandExecutor.execute(DriverCommandExecutor.java:119)
at org.openqa.selenium.remote.RemoteWebDriver.execute(RemoteWebDriver.java:518)
... 29 more
... Removed 16 stack frames]]>
    </failure>
  </testcase> <!-- @BeforeClass LaunchApplication -->
  <testcase classname="TestCases.TC1_LoginAndLogoutFromApplication" name="@BeforeMethod setupDriver" time="-1.70201542911E9">
    <skipped/>
  </testcase> <!-- @BeforeMethod setupDriver -->
  <testcase classname="Base.BaseClass" name="@AfterClass CloseApplication" time="-1.702015429516E9">
    <skipped/>
  </testcase> <!-- @AfterClass CloseApplication -->
  <testcase classname="Base.BaseClass" name="@BeforeClass LaunchApplication" time="74.011">
    <failure type="org.openqa.selenium.SessionNotCreatedException" message="Could not start a new session. Possible causes are invalid address of the remote server or browser start-up failure. 
Host info: host: &amp;apos;BDC11-L-445YPP3&amp;apos;, ip: &amp;apos;192.168.1.2&amp;apos;">
      <![CDATA[org.openqa.selenium.SessionNotCreatedException: Could not start a new session. Possible causes are invalid address of the remote server or browser start-up failure. 
Host info: host: 'BDC11-L-445YPP3', ip: '192.168.1.2'
at org.openqa.selenium.remote.RemoteWebDriver.execute(RemoteWebDriver.java:536)
at org.openqa.selenium.remote.RemoteWebDriver.startSession(RemoteWebDriver.java:232)
at org.openqa.selenium.remote.RemoteWebDriver.<init>(RemoteWebDriver.java:159)
at org.openqa.selenium.chromium.ChromiumDriver.<init>(ChromiumDriver.java:108)
at org.openqa.selenium.chrome.ChromeDriver.<init>(ChromeDriver.java:88)
at org.openqa.selenium.chrome.ChromeDriver.<init>(ChromeDriver.java:83)
at org.openqa.selenium.chrome.ChromeDriver.<init>(ChromeDriver.java:72)
at GenericUtilities.BrowserUtilities.startBrowser(BrowserUtilities.java:45)
at Base.BaseClass.LaunchApplication(BaseClass.java:38)
at java.base/java.util.ArrayList.forEach(ArrayList.java:1511)
at java.base/java.util.concurrent.FutureTask.run(FutureTask.java:264)
at java.base/java.util.concurrent.ThreadPoolExecutor.runWorker(ThreadPoolExecutor.java:1136)
at java.base/java.util.concurrent.ThreadPoolExecutor$Worker.run(ThreadPoolExecutor.java:635)
at java.base/java.lang.Thread.run(Thread.java:833)
Caused by: org.openqa.selenium.WebDriverException: Timed out waiting for driver process to start.
Build info: version: '4.11.0', revision: '040bc5406b'
System info: os.name: 'Windows 11', os.arch: 'amd64', os.version: '10.0', java.version: '17.0.8.1'
Driver info: driver.version: ChromeDriver
at org.openqa.selenium.remote.service.DriverService.start(DriverService.java:203)
at org.openqa.selenium.remote.service.DriverCommandExecutor.execute(DriverCommandExecutor.java:119)
at org.openqa.selenium.remote.RemoteWebDriver.execute(RemoteWebDriver.java:518)
... 29 more
... Removed 16 stack frames]]>
    </failure>
  </testcase> <!-- @BeforeClass LaunchApplication -->
  <testcase classname="TestCases.TC2_AddRemoveItems" name="@BeforeMethod setupDriver" time="-1.702015503839E9">
    <skipped/>
  </testcase> <!-- @BeforeMethod setupDriver -->
  <testcase classname="Base.BaseClass" name="@AfterClass CloseApplication" time="-1.702015504027E9">
    <skipped/>
  </testcase> <!-- @AfterClass CloseApplication -->
  <testcase classname="TestCases.TC1_LoginAndLogoutFromApplication" name="LoginAndLogout" time="0.0">
    <skipped/>
  </testcase> <!-- LoginAndLogout -->
  <testcase classname="TestCases.TC2_AddRemoveItems" name="AddRemoveItems" time="0.0">
    <skipped/>
  </testcase> <!-- AddRemoveItems -->
  <testcase classname="Base.BaseClass" name="@BeforeSuite StoreLogsToTextFile" time="0.0">
    <ignored/>
  </testcase> <!-- @BeforeSuite StoreLogsToTextFile -->
</testsuite> <!-- ChromeTest -->
